# JRE version: Java(TM) SE Runtime Environment (8.0_221-b11) (build 1.8.0_221-b11)
# Java VM: Java HotSpot(TM) 64-Bit Server VM (25.221-b11 mixed mode windows-amd64 compressed oops)
Heap:
 PSYoungGen      total 199680K, used 111843K [0x00000000ebd00000, 0x00000000f9600000, 0x0000000100000000)
  eden space 190464K, 58% used [0x00000000ebd00000,0x00000000f2a38d50,0x00000000f7700000)
  from space 9216K, 0% used [0x00000000f8d00000,0x00000000f8d00000,0x00000000f9600000)
  to   space 15872K, 0% used [0x00000000f7700000,0x00000000f7700000,0x00000000f8680000)
 ParOldGen       total 67584K, used 22078K [0x00000000c3600000, 0x00000000c7800000, 0x00000000ebd00000)
  object space 67584K, 32% used [0x00000000c3600000,0x00000000c4b8fbb8,0x00000000c7800000)
 Metaspace       used 60335K, capacity 63136K, committed 63448K, reserved 1103872K
  class space    used 8131K, capacity 8603K, committed 8664K, reserved 1048576K
GC Heap History (10 events):
Event: 5.914 GC heap before
{Heap before GC invocations=11 (full 1):
 PSYoungGen      total 130560K, used 31526K [0x00000000ebd00000, 0x00000000f6180000, 0x0000000100000000)
  eden space 122368K, 19% used [0x00000000ebd00000,0x00000000ed3d11c8,0x00000000f3480000)
  from space 8192K, 99% used [0x00000000f3480000,0x00000000f3c789b0,0x00000000f3c80000)
  to   space 10752K, 0% used [0x00000000f5700000,0x00000000f5700000,0x00000000f6180000)
 ParOldGen       total 28672K, used 8274K [0x00000000c3600000, 0x00000000c5200000, 0x00000000ebd00000)
  object space 28672K, 28% used [0x00000000c3600000,0x00000000c3e14900,0x00000000c5200000)
 Metaspace       used 33782K, capacity 35336K, committed 35456K, reserved 1079296K
  class space    used 4330K, capacity 4649K, committed 4736K, reserved 1048576K
Event: 5.933 GC heap after
Heap after GC invocations=11 (full 1):
 PSYoungGen      total 157696K, used 6173K [0x00000000ebd00000, 0x00000000f7880000, 0x0000000100000000)
  eden space 146944K, 0% used [0x00000000ebd00000,0x00000000ebd00000,0x00000000f4c80000)
  from space 10752K, 57% used [0x00000000f5700000,0x00000000f5d07650,0x00000000f6180000)
  to   space 10752K, 0% used [0x00000000f4c80000,0x00000000f4c80000,0x00000000f5700000)
 ParOldGen       total 28672K, used 11622K [0x00000000c3600000, 0x00000000c5200000, 0x00000000ebd00000)
  object space 28672K, 40% used [0x00000000c3600000,0x00000000c4159950,0x00000000c5200000)
 Metaspace       used 33782K, capacity 35336K, committed 35456K, reserved 1079296K
  class space    used 4330K, capacity 4649K, committed 4736K, reserved 1048576K
}
Event: 5.933 GC heap before
{Heap before GC invocations=12 (full 2):
 PSYoungGen      total 157696K, used 6173K [0x00000000ebd00000, 0x00000000f7880000, 0x0000000100000000)
  eden space 146944K, 0% used [0x00000000ebd00000,0x00000000ebd00000,0x00000000f4c80000)
  from space 10752K, 57% used [0x00000000f5700000,0x00000000f5d07650,0x00000000f6180000)
  to   space 10752K, 0% used [0x00000000f4c80000,0x00000000f4c80000,0x00000000f5700000)
 ParOldGen       total 28672K, used 11622K [0x00000000c3600000, 0x00000000c5200000, 0x00000000ebd00000)
  object space 28672K, 40% used [0x00000000c3600000,0x00000000c4159950,0x00000000c5200000)
 Metaspace       used 33782K, capacity 35336K, committed 35456K, reserved 1079296K
  class space    used 4330K, capacity 4649K, committed 4736K, reserved 1048576K
Event: 6.036 GC heap after
Heap after GC invocations=12 (full 2):
 PSYoungGen      total 157696K, used 0K [0x00000000ebd00000, 0x00000000f7880000, 0x0000000100000000)
  eden space 146944K, 0% used [0x00000000ebd00000,0x00000000ebd00000,0x00000000f4c80000)
  from space 10752K, 0% used [0x00000000f5700000,0x00000000f5700000,0x00000000f6180000)
  to   space 10752K, 0% used [0x00000000f4c80000,0x00000000f4c80000,0x00000000f5700000)
 ParOldGen       total 46592K, used 13773K [0x00000000c3600000, 0x00000000c6380000, 0x00000000ebd00000)
  object space 46592K, 29% used [0x00000000c3600000,0x00000000c4373530,0x00000000c6380000)
 Metaspace       used 33782K, capacity 35336K, committed 35456K, reserved 1079296K
  class space    used 4330K, capacity 4649K, committed 4736K, reserved 1048576K
}
Event: 9.581 GC heap before
{Heap before GC invocations=13 (full 2):
 PSYoungGen      total 157696K, used 146944K [0x00000000ebd00000, 0x00000000f7880000, 0x0000000100000000)
  eden space 146944K, 100% used [0x00000000ebd00000,0x00000000f4c80000,0x00000000f4c80000)
  from space 10752K, 0% used [0x00000000f5700000,0x00000000f5700000,0x00000000f6180000)
  to   space 10752K, 0% used [0x00000000f4c80000,0x00000000f4c80000,0x00000000f5700000)
 ParOldGen       total 46592K, used 13773K [0x00000000c3600000, 0x00000000c6380000, 0x00000000ebd00000)
  object space 46592K, 29% used [0x00000000c3600000,0x00000000c4373530,0x00000000c6380000)
 Metaspace       used 53762K, capacity 55926K, committed 56064K, reserved 1097728K
  class space    used 7282K, capacity 7658K, committed 7680K, reserved 1048576K
Event: 9.621 GC heap after
Heap after GC invocations=13 (full 2):
 PSYoungGen      total 157696K, used 10723K [0x00000000ebd00000, 0x00000000f9d00000, 0x0000000100000000)
  eden space 146944K, 0% used [0x00000000ebd00000,0x00000000ebd00000,0x00000000f4c80000)
  from space 10752K, 99% used [0x00000000f4c80000,0x00000000f56f8fb8,0x00000000f5700000)
  to   space 16384K, 0% used [0x00000000f8d00000,0x00000000f8d00000,0x00000000f9d00000)
 ParOldGen       total 46592K, used 25669K [0x00000000c3600000, 0x00000000c6380000, 0x00000000ebd00000)
  object space 46592K, 55% used [0x00000000c3600000,0x00000000c4f114f0,0x00000000c6380000)
 Metaspace       used 53762K, capacity 55926K, committed 56064K, reserved 1097728K
  class space    used 7282K, capacity 7658K, committed 7680K, reserved 1048576K
}
Event: 62.730 GC heap before
{Heap before GC invocations=14 (full 2):
 PSYoungGen      total 157696K, used 67177K [0x00000000ebd00000, 0x00000000f9d00000, 0x0000000100000000)
  eden space 146944K, 38% used [0x00000000ebd00000,0x00000000ef4214e0,0x00000000f4c80000)
  from space 10752K, 99% used [0x00000000f4c80000,0x00000000f56f8fb8,0x00000000f5700000)
  to   space 16384K, 0% used [0x00000000f8d00000,0x00000000f8d00000,0x00000000f9d00000)
 ParOldGen       total 46592K, used 25669K [0x00000000c3600000, 0x00000000c6380000, 0x00000000ebd00000)
  object space 46592K, 55% used [0x00000000c3600000,0x00000000c4f114f0,0x00000000c6380000)
 Metaspace       used 56500K, capacity 59000K, committed 59096K, reserved 1099776K
  class space    used 7656K, capacity 8073K, committed 8152K, reserved 1048576K
Event: 62.748 GC heap after
Heap after GC invocations=14 (full 2):
 PSYoungGen      total 199680K, used 4180K [0x00000000ebd00000, 0x00000000f9600000, 0x0000000100000000)
  eden space 190464K, 0% used [0x00000000ebd00000,0x00000000ebd00000,0x00000000f7700000)
  from space 9216K, 45% used [0x00000000f8d00000,0x00000000f9115160,0x00000000f9600000)
  to   space 15872K, 0% used [0x00000000f7700000,0x00000000f7700000,0x00000000f8680000)
 ParOldGen       total 46592K, used 33240K [0x00000000c3600000, 0x00000000c6380000, 0x00000000ebd00000)
  object space 46592K, 71% used [0x00000000c3600000,0x00000000c5676308,0x00000000c6380000)
 Metaspace       used 56500K, capacity 59000K, committed 59096K, reserved 1099776K
  class space    used 7656K, capacity 8073K, committed 8152K, reserved 1048576K
}
Event: 62.748 GC heap before
{Heap before GC invocations=15 (full 3):
 PSYoungGen      total 199680K, used 4180K [0x00000000ebd00000, 0x00000000f9600000, 0x0000000100000000)
  eden space 190464K, 0% used [0x00000000ebd00000,0x00000000ebd00000,0x00000000f7700000)
  from space 9216K, 45% used [0x00000000f8d00000,0x00000000f9115160,0x00000000f9600000)
  to   space 15872K, 0% used [0x00000000f7700000,0x00000000f7700000,0x00000000f8680000)
 ParOldGen       total 46592K, used 33240K [0x00000000c3600000, 0x00000000c6380000, 0x00000000ebd00000)
  object space 46592K, 71% used [0x00000000c3600000,0x00000000c5676308,0x00000000c6380000)
 Metaspace       used 56500K, capacity 59000K, committed 59096K, reserved 1099776K
  class space    used 7656K, capacity 8073K, committed 8152K, reserved 1048576K
Event: 62.973 GC heap after
Heap after GC invocations=15 (full 3):
 PSYoungGen      total 199680K, used 0K [0x00000000ebd00000, 0x00000000f9600000, 0x0000000100000000)
  eden space 190464K, 0% used [0x00000000ebd00000,0x00000000ebd00000,0x00000000f7700000)
  from space 9216K, 0% used [0x00000000f8d00000,0x00000000f8d00000,0x00000000f9600000)
  to   space 15872K, 0% used [0x00000000f7700000,0x00000000f7700000,0x00000000f8680000)
 ParOldGen       total 67584K, used 22078K [0x00000000c3600000, 0x00000000c7800000, 0x00000000ebd00000)
  object space 67584K, 32% used [0x00000000c3600000,0x00000000c4b8fbb8,0x00000000c7800000)
 Metaspace       used 56500K, capacity 59000K, committed 59096K, reserved 1099776K
  class space    used 7656K, capacity 8073K, committed 8152K, reserved 1048576K
}

